<?xml version="1.0" encoding="UTF-8"?>
<TestRun id="318fccc2-7106-45ea-a440-dafc1428e55e" name="20141011110131@CNATBRG015FHHQ 2017-11-13 15:38:43" runUser="IFRN\20141011110131" xmlns="http://microsoft.com/schemas/VisualStudio/TeamTest/2010">
  <TestSettings name="Default Test Settings" id="24a1cbb2-1b6e-4788-af83-6e8d7262934a">
    <Deployment runDeploymentRoot="20141011110131_CNATBRG015FHHQ 2017-11-13 15_38_43">
      <DeploymentItem filename="C:\Users\20141011110131\Downloads\apoo_test-master\apoo_test-master\src\ConsoleApplication1\CpfApi\bin\Debug\CpfApi.dll" />
    </Deployment>
    <Execution>
      <TestTypeSpecific />
      <AgentRule name="Execution Agents">
      </AgentRule>
    </Execution>
  </TestSettings>
  <Times creation="2017-11-13T15:38:43.0331409-03:00" queuing="2017-11-13T15:38:43.7921409-03:00" start="2017-11-13T15:38:43.8291409-03:00" finish="2017-11-13T15:38:52.2151409-03:00" />
  <ResultSummary outcome="Error">
    <Counters total="1" executed="1" error="0" failed="0" timeout="0" aborted="1" inconclusive="0" passedButRunAborted="0" notRunnable="0" notExecuted="0" disconnected="0" warning="0" passed="0" completed="0" inProgress="0" pending="0" />
    <RunInfos>
      <RunInfo computerName="CNATBRG015FHHQ" outcome="Error" timestamp="2017-11-13T15:38:52.2101409-03:00">
        <Text>Test host process exited unexpectedly.</Text>
      </RunInfo>
    </RunInfos>
  </ResultSummary>
  <TestDefinitions>
    <UnitTest name="getufTest1" storage="c:\users\20141011110131\downloads\apoo_test-master\apoo_test-master\src\consoleapplication1\cfapitest\bin\debug\cfapitest.dll" id="d1989d6d-13df-3bcf-8231-08988a9447a8">
      <Execution id="2ddba87d-d2f1-41c5-a270-b0e4e566e6fa" />
      <TestMethod codeBase="C:/Users/20141011110131/Downloads/apoo_test-master/apoo_test-master/src/ConsoleApplication1/CfapiTest/bin/Debug/CfapiTest.DLL" adapterTypeName="Microsoft.VisualStudio.TestTools.TestTypes.Unit.UnitTestAdapter, Microsoft.VisualStudio.QualityTools.Tips.UnitTest.Adapter, Version=10.0.0.0, Culture=neutral, PublicKeyToken=b03f5f7f11d50a3a" className="CpfApi.ufTest, CfapiTest, Version=1.0.0.0, Culture=neutral, PublicKeyToken=null" name="getufTest1" />
    </UnitTest>
  </TestDefinitions>
  <TestLists>
    <TestList name="Results Not in a List" id="8c84fa94-04c1-424b-9868-57a2d4851a1d" />
    <TestList name="All Loaded Results" id="19431567-8539-422a-85d7-44ee4e166bda" />
  </TestLists>
  <TestEntries>
    <TestEntry testId="d1989d6d-13df-3bcf-8231-08988a9447a8" executionId="2ddba87d-d2f1-41c5-a270-b0e4e566e6fa" testListId="8c84fa94-04c1-424b-9868-57a2d4851a1d" />
  </TestEntries>
  <Results>
    <UnitTestResult executionId="2ddba87d-d2f1-41c5-a270-b0e4e566e6fa" testId="d1989d6d-13df-3bcf-8231-08988a9447a8" testName="getufTest1" computerName="CNATBRG015FHHQ" duration="00:00:08.3530000" startTime="2017-11-13T15:38:43.8621409-03:00" endTime="2017-11-13T15:38:52.2151409-03:00" testType="13cdc9d9-ddb5-4fa4-a97d-d965ccfc6d4b" outcome="Aborted" testListId="8c84fa94-04c1-424b-9868-57a2d4851a1d" relativeResultsDirectory="2ddba87d-d2f1-41c5-a270-b0e4e566e6fa">
    </UnitTestResult>
  </Results>
</TestRun>