<?xml version="1.0" encoding="UTF-8"?>
<TestRun id="9c51f124-7d5f-47f1-a68c-a606c456c943" name="20141011110131@CNATBRG015FHHQ 2017-11-13 15:40:13" runUser="IFRN\20141011110131" xmlns="http://microsoft.com/schemas/VisualStudio/TeamTest/2010">
  <TestSettings name="Default Test Settings" id="0897de0f-1e97-4f88-881f-ad9557034d5a">
    <Deployment runDeploymentRoot="20141011110131_CNATBRG015FHHQ 2017-11-13 15_40_13">
      <DeploymentItem filename="C:\Users\20141011110131\Downloads\apoo_test-master\apoo_test-master\src\ConsoleApplication1\CpfApi\bin\Debug\CpfApi.dll" />
    </Deployment>
    <Execution>
      <TestTypeSpecific />
      <AgentRule name="Execution Agents">
      </AgentRule>
    </Execution>
  </TestSettings>
  <Times creation="2017-11-13T15:40:13.2171409-03:00" queuing="2017-11-13T15:40:13.6561409-03:00" start="2017-11-13T15:40:13.6921409-03:00" finish="2017-11-13T15:40:14.0921409-03:00" />
  <ResultSummary outcome="Failed">
    <Counters total="1" executed="1" error="0" failed="1" timeout="0" aborted="0" inconclusive="0" passedButRunAborted="0" notRunnable="0" notExecuted="0" disconnected="0" warning="0" passed="0" completed="0" inProgress="0" pending="0" />
  </ResultSummary>
  <TestDefinitions>
    <UnitTest name="getufTest1" storage="c:\users\20141011110131\downloads\apoo_test-master\apoo_test-master\src\consoleapplication1\cfapitest\bin\debug\cfapitest.dll" id="d1989d6d-13df-3bcf-8231-08988a9447a8">
      <Execution id="11c54d2b-3a57-485c-9ef5-c355ebb06e69" />
      <TestMethod codeBase="C:/Users/20141011110131/Downloads/apoo_test-master/apoo_test-master/src/ConsoleApplication1/CfapiTest/bin/Debug/CfapiTest.DLL" adapterTypeName="Microsoft.VisualStudio.TestTools.TestTypes.Unit.UnitTestAdapter, Microsoft.VisualStudio.QualityTools.Tips.UnitTest.Adapter, Version=10.0.0.0, Culture=neutral, PublicKeyToken=b03f5f7f11d50a3a" className="CpfApi.ufTest, CfapiTest, Version=1.0.0.0, Culture=neutral, PublicKeyToken=null" name="getufTest1" />
    </UnitTest>
  </TestDefinitions>
  <TestLists>
    <TestList name="Results Not in a List" id="8c84fa94-04c1-424b-9868-57a2d4851a1d" />
    <TestList name="All Loaded Results" id="19431567-8539-422a-85d7-44ee4e166bda" />
  </TestLists>
  <TestEntries>
    <TestEntry testId="d1989d6d-13df-3bcf-8231-08988a9447a8" executionId="11c54d2b-3a57-485c-9ef5-c355ebb06e69" testListId="8c84fa94-04c1-424b-9868-57a2d4851a1d" />
  </TestEntries>
  <Results>
    <UnitTestResult executionId="11c54d2b-3a57-485c-9ef5-c355ebb06e69" testId="d1989d6d-13df-3bcf-8231-08988a9447a8" testName="getufTest1" computerName="CNATBRG015FHHQ" duration="00:00:00.0679052" startTime="2017-11-13T15:40:13.7241409-03:00" endTime="2017-11-13T15:40:14.0681409-03:00" testType="13cdc9d9-ddb5-4fa4-a97d-d965ccfc6d4b" outcome="Failed" testListId="8c84fa94-04c1-424b-9868-57a2d4851a1d" relativeResultsDirectory="11c54d2b-3a57-485c-9ef5-c355ebb06e69">
      <Output>
        <ErrorInfo>
          <Message>Test method CpfApi.ufTest.getufTest1 threw exception: 
System.IndexOutOfRangeException: O índice estava fora dos limites da matriz.</Message>
          <StackTrace>    em CpfApi.uf.getuf(Int32 uf) na C:\Users\20141011110131\Downloads\apoo_test-master\apoo_test-master\src\ConsoleApplication1\CpfApi\uf.cs:linha 25
   em CpfApi.ufTest.getufTest1() na C:\Users\20141011110131\Downloads\apoo_test-master\apoo_test-master\src\ConsoleApplication1\CfapiTest\UnitTest1.cs:linha 16
</StackTrace>
        </ErrorInfo>
      </Output>
    </UnitTestResult>
  </Results>
</TestRun>