<?xml version="1.0" encoding="UTF-8"?>
<TestRun id="cad583cc-af9c-443b-b538-9d6830e59096" name="20141011110131@CNATBRG015FHHQ 2017-11-13 15:36:51" runUser="IFRN\20141011110131" xmlns="http://microsoft.com/schemas/VisualStudio/TeamTest/2010">
  <TestSettings name="Default Test Settings" id="13a4a0b5-fbf3-4a5c-91c1-bd3b9bcb3ddd">
    <Deployment runDeploymentRoot="20141011110131_CNATBRG015FHHQ 2017-11-13 15_36_51">
      <DeploymentItem filename="C:\Users\20141011110131\Downloads\apoo_test-master\apoo_test-master\src\ConsoleApplication1\CpfApi\bin\Debug\CpfApi.dll" />
    </Deployment>
    <Execution>
      <TestTypeSpecific />
      <AgentRule name="Execution Agents">
      </AgentRule>
    </Execution>
  </TestSettings>
  <Times creation="2017-11-13T15:36:51.7223537-03:00" queuing="2017-11-13T15:36:54.0928277-03:00" start="2017-11-13T15:36:54.2088509-03:00" finish="2017-11-13T15:36:55.1130317-03:00" />
  <ResultSummary outcome="Completed">
    <Counters total="1" executed="1" passed="1" error="0" failed="0" timeout="0" aborted="0" inconclusive="0" passedButRunAborted="0" notRunnable="0" notExecuted="0" disconnected="0" warning="0" completed="0" inProgress="0" pending="0" />
  </ResultSummary>
  <TestDefinitions>
    <UnitTest name="getufTest1" storage="c:\users\20141011110131\downloads\apoo_test-master\apoo_test-master\src\consoleapplication1\cfapitest\bin\debug\cfapitest.dll" id="d1989d6d-13df-3bcf-8231-08988a9447a8">
      <Execution id="27d725a4-245b-4d9e-85e9-e9beca94716b" />
      <TestMethod codeBase="C:/Users/20141011110131/Downloads/apoo_test-master/apoo_test-master/src/ConsoleApplication1/CfapiTest/bin/Debug/CfapiTest.DLL" adapterTypeName="Microsoft.VisualStudio.TestTools.TestTypes.Unit.UnitTestAdapter, Microsoft.VisualStudio.QualityTools.Tips.UnitTest.Adapter, Version=10.0.0.0, Culture=neutral, PublicKeyToken=b03f5f7f11d50a3a" className="CpfApi.ufTest, CfapiTest, Version=1.0.0.0, Culture=neutral, PublicKeyToken=null" name="getufTest1" />
    </UnitTest>
  </TestDefinitions>
  <TestLists>
    <TestList name="Results Not in a List" id="8c84fa94-04c1-424b-9868-57a2d4851a1d" />
    <TestList name="All Loaded Results" id="19431567-8539-422a-85d7-44ee4e166bda" />
  </TestLists>
  <TestEntries>
    <TestEntry testId="d1989d6d-13df-3bcf-8231-08988a9447a8" executionId="27d725a4-245b-4d9e-85e9-e9beca94716b" testListId="8c84fa94-04c1-424b-9868-57a2d4851a1d" />
  </TestEntries>
  <Results>
    <UnitTestResult executionId="27d725a4-245b-4d9e-85e9-e9beca94716b" testId="d1989d6d-13df-3bcf-8231-08988a9447a8" testName="getufTest1" computerName="CNATBRG015FHHQ" duration="00:00:00.0157486" startTime="2017-11-13T15:36:54.3648821-03:00" endTime="2017-11-13T15:36:54.9499991-03:00" testType="13cdc9d9-ddb5-4fa4-a97d-d965ccfc6d4b" outcome="Passed" testListId="8c84fa94-04c1-424b-9868-57a2d4851a1d" relativeResultsDirectory="27d725a4-245b-4d9e-85e9-e9beca94716b">
    </UnitTestResult>
  </Results>
</TestRun>